2024-12-22T14:28:52.224+03:00  INFO 8924 --- [gradel-hotel] [restartedMain] c.g.gradel_hotel.GradelHotelApplication  : Starting GradelHotelApplication using Java 21.0.4 with PID 8924 (/Users/ghost/Downloads/gradel-hotel/build/classes/groovy/main started by ghost in /Users/ghost/Downloads/gradel-hotel)
2024-12-22T14:28:52.235+03:00  INFO 8924 --- [gradel-hotel] [restartedMain] c.g.gradel_hotel.GradelHotelApplication  : No active profile set, falling back to 1 default profile: "default"
2024-12-22T14:28:52.261+03:00  INFO 8924 --- [gradel-hotel] [restartedMain] .e.DevToolsPropertyDefaultsPostProcessor : Devtools property defaults active! Set 'spring.devtools.add-properties' to 'false' to disable
2024-12-22T14:28:52.261+03:00  INFO 8924 --- [gradel-hotel] [restartedMain] .e.DevToolsPropertyDefaultsPostProcessor : For additional web related logging consider setting the 'logging.level.web' property to 'DEBUG'
2024-12-22T14:28:52.646+03:00  INFO 8924 --- [gradel-hotel] [restartedMain] .s.d.r.c.RepositoryConfigurationDelegate : Bootstrapping Spring Data JPA repositories in DEFAULT mode.
2024-12-22T14:28:52.682+03:00  INFO 8924 --- [gradel-hotel] [restartedMain] .s.d.r.c.RepositoryConfigurationDelegate : Finished Spring Data repository scanning in 31 ms. Found 3 JPA repository interfaces.
2024-12-22T14:28:53.022+03:00  INFO 8924 --- [gradel-hotel] [restartedMain] o.s.b.w.embedded.tomcat.TomcatWebServer  : Tomcat initialized with port 4040 (http)
2024-12-22T14:28:53.031+03:00  INFO 8924 --- [gradel-hotel] [restartedMain] o.apache.catalina.core.StandardService   : Starting service [Tomcat]
2024-12-22T14:28:53.031+03:00  INFO 8924 --- [gradel-hotel] [restartedMain] o.apache.catalina.core.StandardEngine    : Starting Servlet engine: [Apache Tomcat/10.1.31]
2024-12-22T14:28:53.055+03:00  INFO 8924 --- [gradel-hotel] [restartedMain] o.a.c.c.C.[Tomcat].[localhost].[/]       : Initializing Spring embedded WebApplicationContext
2024-12-22T14:28:53.056+03:00  INFO 8924 --- [gradel-hotel] [restartedMain] w.s.c.ServletWebServerApplicationContext : Root WebApplicationContext: initialization completed in 794 ms
2024-12-22T14:28:53.141+03:00  INFO 8924 --- [gradel-hotel] [restartedMain] o.hibernate.jpa.internal.util.LogHelper  : HHH000204: Processing PersistenceUnitInfo [name: default]
2024-12-22T14:28:53.174+03:00  INFO 8924 --- [gradel-hotel] [restartedMain] org.hibernate.Version                    : HHH000412: Hibernate ORM core version 6.5.3.Final
2024-12-22T14:28:53.193+03:00  INFO 8924 --- [gradel-hotel] [restartedMain] o.h.c.internal.RegionFactoryInitiator    : HHH000026: Second-level cache disabled
2024-12-22T14:28:53.371+03:00  INFO 8924 --- [gradel-hotel] [restartedMain] o.s.o.j.p.SpringPersistenceUnitInfo      : No LoadTimeWeaver setup: ignoring JPA class transformer
2024-12-22T14:28:53.387+03:00  INFO 8924 --- [gradel-hotel] [restartedMain] com.zaxxer.hikari.HikariDataSource       : HikariPool-1 - Starting...
2024-12-22T14:28:55.115+03:00  INFO 8924 --- [gradel-hotel] [restartedMain] com.zaxxer.hikari.pool.HikariPool        : HikariPool-1 - Added connection com.mysql.cj.jdbc.ConnectionImpl@a6fe02
2024-12-22T14:28:55.118+03:00  INFO 8924 --- [gradel-hotel] [restartedMain] com.zaxxer.hikari.HikariDataSource       : HikariPool-1 - Start completed.
2024-12-22T14:28:55.234+03:00  WARN 8924 --- [gradel-hotel] [restartedMain] org.hibernate.orm.deprecation            : HHH90000025: MySQL8Dialect does not need to be specified explicitly using 'hibernate.dialect' (remove the property setting and it will be selected by default)
2024-12-22T14:28:55.234+03:00  WARN 8924 --- [gradel-hotel] [restartedMain] org.hibernate.orm.deprecation            : HHH90000026: MySQL8Dialect has been deprecated; use org.hibernate.dialect.MySQLDialect instead
2024-12-22T14:28:55.767+03:00  INFO 8924 --- [gradel-hotel] [restartedMain] o.h.e.t.j.p.i.JtaPlatformInitiator       : HHH000489: No JTA platform available (set 'hibernate.transaction.jta.platform' to enable JTA platform integration)
2024-12-22T14:28:56.456+03:00  INFO 8924 --- [gradel-hotel] [restartedMain] j.LocalContainerEntityManagerFactoryBean : Initialized JPA EntityManagerFactory for persistence unit 'default'
2024-12-22T14:28:56.605+03:00  INFO 8924 --- [gradel-hotel] [restartedMain] o.s.d.j.r.query.QueryEnhancerFactory     : Hibernate is in classpath; If applicable, HQL parser will be used.
2024-12-22T14:28:57.063+03:00  WARN 8924 --- [gradel-hotel] [restartedMain] JpaBaseConfiguration$JpaWebConfiguration : spring.jpa.open-in-view is enabled by default. Therefore, database queries may be performed during view rendering. Explicitly configure spring.jpa.open-in-view to disable this warning
2024-12-22T14:28:57.076+03:00  INFO 8924 --- [gradel-hotel] [restartedMain] eAuthenticationProviderManagerConfigurer : Global AuthenticationManager configured with AuthenticationProvider bean with name authenticationProvider
2024-12-22T14:28:57.077+03:00  WARN 8924 --- [gradel-hotel] [restartedMain] r$InitializeUserDetailsManagerConfigurer : Global AuthenticationManager configured with an AuthenticationProvider bean. UserDetailsService beans will not be used for username/password login. Consider removing the AuthenticationProvider bean. Alternatively, consider using the UserDetailsService in a manually instantiated DaoAuthenticationProvider.
2024-12-22T14:28:57.456+03:00  INFO 8924 --- [gradel-hotel] [restartedMain] o.s.b.d.a.OptionalLiveReloadServer       : LiveReload server is running on port 35729
2024-12-22T14:28:57.477+03:00  INFO 8924 --- [gradel-hotel] [restartedMain] o.s.b.w.embedded.tomcat.TomcatWebServer  : Tomcat started on port 4040 (http) with context path '/'
2024-12-22T14:28:57.483+03:00  INFO 8924 --- [gradel-hotel] [restartedMain] c.g.gradel_hotel.GradelHotelApplication  : Started GradelHotelApplication in 5.451 seconds (process running for 6.26)
2024-12-22T14:29:07.208+03:00  INFO 8924 --- [gradel-hotel] [SpringApplicationShutdownHook] j.LocalContainerEntityManagerFactoryBean : Closing JPA EntityManagerFactory for persistence unit 'default'
2024-12-22T14:29:07.210+03:00  INFO 8924 --- [gradel-hotel] [SpringApplicationShutdownHook] com.zaxxer.hikari.HikariDataSource       : HikariPool-1 - Shutdown initiated...
2024-12-22T14:29:07.950+03:00  INFO 8924 --- [gradel-hotel] [SpringApplicationShutdownHook] com.zaxxer.hikari.HikariDataSource       : HikariPool-1 - Shutdown completed.
